2023-06-12 23:43:56,114:WARNING:disnake.client: PyNaCl is not installed, voice will NOT be supported
2023-06-12 23:43:56,114:INFO:disnake.client: logging in using static token
2023-06-12 23:43:56,727:INFO:disnake.gateway: Shard ID None has sent the IDENTIFY payload.
2023-06-12 23:43:56,963:INFO:disnake.gateway: Shard ID None has connected to Gateway: ["gateway-prd-us-east1-c-b22p",{"micros":98082,"calls":["id_created",{"micros":1961,"calls":[]},"session_lookup_time",{"micros":433,"calls":[]},"session_lookup_finished",{"micros":14,"calls":[]},"discord-sessions-prd-2-191",{"micros":92227,"calls":["start_session",{"micros":58322,"calls":["discord-api-66c89d64c4-97cwg",{"micros":54653,"calls":["get_user",{"micros":16890},"get_guilds",{"micros":3415},"send_scheduled_deletion_message",{"micros":9},"guild_join_requests",{"micros":1},"authorized_ip_coro",{"micros":10}]}]},"starting_guild_connect",{"micros":54,"calls":[]},"presence_started",{"micros":13137,"calls":[]},"guilds_started",{"micros":77,"calls":[]},"guilds_connect",{"micros":1,"calls":[]},"presence_connect",{"micros":20592,"calls":[]},"connect_finished",{"micros":20597,"calls":[]},"build_ready",{"micros":18,"calls":[]},"clean_ready",{"micros":0,"calls":[]},"optimize_ready",{"micros":1,"calls":[]},"split_ready",{"micros":1,"calls":[]}]}]}] (Session ID: 6cecdf2253be6ed455823034a4054b88, Resume URL: wss://gateway-us-east1-c.discord.gg).
2023-06-12 23:43:58,968:INFO:disnake: Generating DCA response
2023-06-12 23:43:59,337:INFO:disnake: Prices: {'BTC': 25898.857685219013, 'ETH': 1739.5058788796096, 'ATOM': 8.815351573399841, 'AVAX': 11.544824402602856, 'BLOK': 0.0017132981235324337, 'CHR': 0.12177060271404241, 'DOGE': 0.06148642443585019, 'DOT': 4.53349051340535, 'ENJ': 0.2518912955898324, 'ENQ': 0.006593844202650429, 'EOS': 0.6761279383439429, 'FET': 0.18554136262798387, 'FIL': 3.5940524415804718, 'GALA': 0.02144759045492962, 'HBAR': 0.0451268038763769, 'HERO': 0.0028803823019651277, 'ICP': 3.7370487547962252, 'ILV': 44.755918626866176, 'LINK': 5.165240617865386, 'LTC': 77.07757290669585, 'MANA': 0.34081793149560596, 'MASK': 3.704622513004346, 'MATIC': 0.6444290283708937, 'NAKA': 0.2734168696755638, 'OCEAN': 0.29704401271890213, 'PYR': 2.887122948546121, 'QNT': 99.98510900832234, 'RLC': 1.246692577005738, 'RNDR': 1.9049051661205554, 'SAND': 0.3862465363377815, 'SHIB': 6.67089571549236e-06, 'THETA': 0.6516143356372343, 'TRIAS': 3.454514780390179, 'UOS': 0.1605233159155333, 'VET': 0.0158178445486026, 'VRA': 0.004178649155825105, 'WILD': 0.3502032144927379, 'XED': 0.05586860092832163, 'ZIL': 0.017327642524345727}
2023-06-12 23:43:59,338:INFO:disnake: Checking levels for BTC at 25898.857685219013
2023-06-12 23:43:59,338:INFO:disnake: Checking levels for ETH at 1739.5058788796096
2023-06-12 23:43:59,338:INFO:disnake: Checking levels for ATOM at 8.815351573399841
2023-06-12 23:43:59,338:INFO:disnake: Checking levels for AVAX at 11.544824402602856
2023-06-12 23:43:59,338:INFO:disnake: Checking levels for BLOK at 0.0017132981235324337
2023-06-12 23:43:59,338:INFO:disnake: Checking levels for CHR at 0.12177060271404241
2023-06-12 23:43:59,338:INFO:disnake: Checking levels for DOGE at 0.06148642443585019
2023-06-12 23:43:59,338:INFO:disnake: Checking levels for DOT at 4.53349051340535
2023-06-12 23:43:59,338:INFO:disnake: Checking levels for ENJ at 0.2518912955898324
2023-06-12 23:43:59,338:INFO:disnake: Checking levels for ENQ at 0.006593844202650429
2023-06-12 23:43:59,338:INFO:disnake: Checking levels for EOS at 0.6761279383439429
2023-06-12 23:43:59,338:INFO:disnake: Checking levels for FET at 0.18554136262798387
2023-06-12 23:43:59,338:INFO:disnake: Checking levels for FIL at 3.5940524415804718
2023-06-12 23:43:59,339:INFO:disnake: Checking levels for GALA at 0.02144759045492962
2023-06-12 23:43:59,339:INFO:disnake: Checking levels for HBAR at 0.0451268038763769
2023-06-12 23:43:59,339:INFO:disnake: Checking levels for HERO at 0.0028803823019651277
2023-06-12 23:43:59,339:INFO:disnake: Checking levels for ICP at 3.7370487547962252
2023-06-12 23:43:59,339:INFO:disnake: Checking levels for ILV at 44.755918626866176
2023-06-12 23:43:59,339:INFO:disnake: Checking levels for LINK at 5.165240617865386
2023-06-12 23:43:59,339:INFO:disnake: Checking levels for LTC at 77.07757290669585
2023-06-12 23:43:59,339:INFO:disnake: Checking levels for MANA at 0.34081793149560596
2023-06-12 23:43:59,339:INFO:disnake: Checking levels for MASK at 3.704622513004346
2023-06-12 23:43:59,339:INFO:disnake: Checking levels for MATIC at 0.6444290283708937
2023-06-12 23:43:59,339:INFO:disnake: Checking levels for NAKA at 0.2734168696755638
2023-06-12 23:43:59,339:INFO:disnake: Checking levels for OCEAN at 0.29704401271890213
2023-06-12 23:43:59,339:INFO:disnake: Checking levels for PYR at 2.887122948546121
2023-06-12 23:43:59,339:INFO:disnake: Checking levels for QNT at 99.98510900832234
2023-06-12 23:43:59,339:INFO:disnake: Checking levels for RLC at 1.246692577005738
2023-06-12 23:43:59,339:INFO:disnake: Checking levels for RNDR at 1.9049051661205554
2023-06-12 23:43:59,339:INFO:disnake: Checking levels for SAND at 0.3862465363377815
2023-06-12 23:43:59,339:INFO:disnake: Checking levels for SHIB at 6.67089571549236e-06
2023-06-12 23:43:59,339:INFO:disnake: Checking levels for THETA at 0.6516143356372343
2023-06-12 23:43:59,339:INFO:disnake: Checking levels for TRIAS at 3.454514780390179
2023-06-12 23:43:59,339:INFO:disnake: Checking levels for UOS at 0.1605233159155333
2023-06-12 23:43:59,339:INFO:disnake: Checking levels for VET at 0.0158178445486026
2023-06-12 23:43:59,339:INFO:disnake: Checking levels for VRA at 0.004178649155825105
2023-06-12 23:43:59,339:INFO:disnake: Checking levels for WILD at 0.3502032144927379
2023-06-12 23:43:59,339:INFO:disnake: Checking levels for XED at 0.05586860092832163
2023-06-12 23:43:59,339:INFO:disnake: Checking levels for ZIL at 0.017327642524345727
2023-06-12 23:44:35,739:INFO:disnake.client: Cleaning up tasks.
2023-06-12 23:44:35,739:INFO:disnake.client: Cleaning up after 2 tasks.
2023-06-12 23:44:35,871:INFO:disnake.client: All tasks finished cancelling.
2023-06-12 23:44:35,871:INFO:disnake.client: Closing the event loop.
